#
# There is insufficient memory for the Java Runtime Environment to continue.
# Native memory allocation (malloc) failed to allocate 1048576 bytes. Error detail: AllocateHeap
# Possible reasons:
#   The system is out of physical RAM or swap space
#   This process is running with CompressedOops enabled, and the Java Heap may be blocking the growth of the native heap
# Possible solutions:
#   Reduce memory load on the system
#   Increase physical memory or swap space
#   Check if swap backing store is full
#   Decrease Java heap size (-Xmx/-Xms)
#   Decrease number of Java threads
#   Decrease Java thread stack sizes (-Xss)
#   Set larger code cache with -XX:ReservedCodeCacheSize=
#   JVM is running with Unscaled Compressed Oops mode in which the Java heap is
#     placed in the first 4GB address space. The Java Heap base address is the
#     maximum limit for the native heap growth. Please use -XX:HeapBaseMinAddress
#     to set the Java Heap base and to place the Java Heap above 4GB virtual address.
# This output file may be truncated or incomplete.
#
#  Out of Memory Error (allocation.cpp:44), pid=45788, tid=3600
#
# JRE version: OpenJDK Runtime Environment Temurin-21.0.9+10 (21.0.9+10) (build 21.0.9+10-LTS)
# Java VM: OpenJDK 64-Bit Server VM Temurin-21.0.9+10 (21.0.9+10-LTS, mixed mode, sharing, tiered, compressed oops, compressed class ptrs, parallel gc, windows-amd64)
# No core dump will be written. Minidumps are not enabled by default on client versions of Windows
#

---------------  S U M M A R Y ------------

Command Line: --add-modules=ALL-SYSTEM --add-opens=java.base/java.util=ALL-UNNAMED --add-opens=java.base/java.lang=ALL-UNNAMED --add-opens=java.base/sun.nio.fs=ALL-UNNAMED -Declipse.application=org.eclipse.jdt.ls.core.id1 -Dosgi.bundles.defaultStartLevel=4 -Declipse.product=org.eclipse.jdt.ls.core.product -Djava.import.generatesMetadataFilesAtProjectRoot=false -DDetectVMInstallationsJob.disabled=true -Dfile.encoding=utf8 -XX:+UseParallelGC -XX:GCTimeRatio=4 -XX:AdaptiveSizePolicyWeight=90 -Dsun.zip.disableMemoryMapping=true -Xmx2G -Xms100m -Xlog:disable -javaagent:c:\Users\ngotu\.vscode\extensions\redhat.java-1.50.0-win32-x64\lombok\lombok-1.18.39-4050.jar -XX:+HeapDumpOnOutOfMemoryError -XX:HeapDumpPath=c:\Users\ngotu\AppData\Roaming\Code\User\workspaceStorage\0c19fdcfefba0cf93597eb44c491bc78\redhat.java -Daether.dependencyCollector.impl=bf c:\Users\ngotu\.vscode\extensions\redhat.java-1.50.0-win32-x64\server\plugins\org.eclipse.equinox.launcher_1.7.100.v20251111-0406.jar -configuration c:\Users\ngotu\AppData\Roaming\Code\User\globalStorage\redhat.java\1.50.0\config_win -data c:\Users\ngotu\AppData\Roaming\Code\User\workspaceStorage\0c19fdcfefba0cf93597eb44c491bc78\redhat.java\jdt_ws --pipe=\\.\pipe\lsp-ae7cc3c37f51493232e75f32693e3c1f-sock

Host: AMD Ryzen 7 7735HS with Radeon Graphics        , 16 cores, 15G,  Windows 11 , 64 bit Build 26100 (10.0.26100.7309)
Time: Sat Dec 27 12:17:18 2025 SE Asia Standard Time elapsed time: 13498.051918 seconds (0d 3h 44m 58s)

---------------  T H R E A D  ---------------

Current thread (0x000001f1923c2030):  JavaThread "Attach Listener" daemon [_thread_in_vm, id=3600, stack(0x0000004a53200000,0x0000004a53300000) (1024K)]

Stack: [0x0000004a53200000,0x0000004a53300000]
Native frames: (J=compiled Java code, j=interpreted, Vv=VM code, C=native code)
V  [jvm.dll+0x6d6e29]
V  [jvm.dll+0x8b4b76]
V  [jvm.dll+0x8b712e]
V  [jvm.dll+0x8b7813]
V  [jvm.dll+0x283d86]
V  [jvm.dll+0xc1277]
V  [jvm.dll+0x6d76d9]
V  [jvm.dll+0x133466]
V  [jvm.dll+0x3f7ea6]
V  [jvm.dll+0x85e9ad]
V  [jvm.dll+0x6d565d]
C  [ucrtbase.dll+0x37b0]
C  [KERNEL32.DLL+0x2e8d7]
C  [ntdll.dll+0x8c53c]


---------------  P R O C E S S  ---------------

Threads class SMR info:
_java_thread_list=0x000001f19c8b0080, length=59, elements={
0x000001f1392eda50, 0x000001f14fd9dd50, 0x000001f1923b3f70, 0x000001f1923bffe0,
0x000001f1923c2030, 0x000001f1923c4100, 0x000001f1923c1310, 0x000001f1923d8c50,
0x000001f19240c120, 0x000001f1923c3a70, 0x000001f1923c26c0, 0x000001f1923c2d50,
0x000001f1923c19a0, 0x000001f1923c0c80, 0x000001f1986f0a30, 0x000001f1986f03a0,
0x000001f1986f10c0, 0x000001f1986eeff0, 0x000001f1986f3190, 0x000001f1986f3eb0,
0x000001f1986f4bd0, 0x000001f1986f58f0, 0x000001f1986f2470, 0x000001f1986f5f80,
0x000001f1986f2b00, 0x000001f1986f6610, 0x000001f1998e0f50, 0x000001f1998e15e0,
0x000001f1998df510, 0x000001f1998dfba0, 0x000001f1998e08c0, 0x000001f1998e1c70,
0x000001f1998de7f0, 0x000001f1998e0230, 0x000001f1998e2300, 0x000001f1998dee80,
0x000001f1998e3020, 0x000001f1998e36b0, 0x000001f1998e43d0, 0x000001f1998e3d40,
0x000001f1998e5e10, 0x000001f19b626800, 0x000001f19b623380, 0x000001f19b625450,
0x000001f19b625ae0, 0x000001f19b626170, 0x000001f19b6240a0, 0x000001f19b626e90,
0x000001f1991b6720, 0x000001f1991b7ad0, 0x000001f1991b7440, 0x000001f1991b8160,
0x000001f1991b87f0, 0x000001f1991b8e80, 0x000001f1991b5a00, 0x000001f1991b9510,
0x000001f1991b9ba0, 0x000001f1aeb0f6e0, 0x000001f1aeb0c060
}

Java Threads: ( => current thread )
  0x000001f1392eda50 JavaThread "main"                              [_thread_blocked, id=33668, stack(0x0000004a52b00000,0x0000004a52c00000) (1024K)]
  0x000001f14fd9dd50 JavaThread "Reference Handler"          daemon [_thread_blocked, id=40168, stack(0x0000004a52f00000,0x0000004a53000000) (1024K)]
  0x000001f1923b3f70 JavaThread "Finalizer"                  daemon [_thread_blocked, id=15100, stack(0x0000004a53000000,0x0000004a53100000) (1024K)]
  0x000001f1923bffe0 JavaThread "Signal Dispatcher"          daemon [_thread_blocked, id=10204, stack(0x0000004a53100000,0x0000004a53200000) (1024K)]
=>0x000001f1923c2030 JavaThread "Attach Listener"            daemon [_thread_in_vm, id=3600, stack(0x0000004a53200000,0x0000004a53300000) (1024K)]
  0x000001f1923c4100 JavaThread "Service Thread"             daemon [_thread_blocked, id=45428, stack(0x0000004a53300000,0x0000004a53400000) (1024K)]
  0x000001f1923c1310 JavaThread "Monitor Deflation Thread"   daemon [_thread_blocked, id=7504, stack(0x0000004a53400000,0x0000004a53500000) (1024K)]
  0x000001f1923d8c50 JavaThread "C2 CompilerThread0"         daemon [_thread_blocked, id=27088, stack(0x0000004a53500000,0x0000004a53600000) (1024K)]
  0x000001f19240c120 JavaThread "C1 CompilerThread0"         daemon [_thread_blocked, id=31580, stack(0x0000004a53600000,0x0000004a53700000) (1024K)]
  0x000001f1923c3a70 JavaThread "Common-Cleaner"             daemon [_thread_blocked, id=20980, stack(0x0000004a53a00000,0x0000004a53b00000) (1024K)]
  0x000001f1923c26c0 JavaThread "Notification Thread"        daemon [_thread_blocked, id=36228, stack(0x0000004a53c00000,0x0000004a53d00000) (1024K)]
  0x000001f1923c2d50 JavaThread "Active Thread: Equinox Container: e3b8cbb4-4fa5-4da5-bca4-194c3ba45877"        [_thread_blocked, id=21560, stack(0x0000004a54500000,0x0000004a54600000) (1024K)]
  0x000001f1923c19a0 JavaThread "Refresh Thread: Equinox Container: e3b8cbb4-4fa5-4da5-bca4-194c3ba45877" daemon [_thread_blocked, id=9768, stack(0x0000004a54700000,0x0000004a54800000) (1024K)]
  0x000001f1923c0c80 JavaThread "Framework Event Dispatcher: Equinox Container: e3b8cbb4-4fa5-4da5-bca4-194c3ba45877" daemon [_thread_blocked, id=23804, stack(0x0000004a54800000,0x0000004a54900000) (1024K)]
  0x000001f1986f0a30 JavaThread "Start Level: Equinox Container: e3b8cbb4-4fa5-4da5-bca4-194c3ba45877" daemon [_thread_blocked, id=43232, stack(0x0000004a54900000,0x0000004a54a00000) (1024K)]
  0x000001f1986f03a0 JavaThread "Bundle File Closer"         daemon [_thread_blocked, id=41272, stack(0x0000004a54c00000,0x0000004a54d00000) (1024K)]
  0x000001f1986f10c0 JavaThread "SCR Component Actor"        daemon [_thread_blocked, id=24716, stack(0x0000004a53900000,0x0000004a53a00000) (1024K)]
  0x000001f1986eeff0 JavaThread "Worker-JM"                         [_thread_blocked, id=26856, stack(0x0000004a54e00000,0x0000004a54f00000) (1024K)]
  0x000001f1986f3190 JavaThread "Java indexing"              daemon [_thread_blocked, id=16376, stack(0x0000004a55400000,0x0000004a55500000) (1024K)]
  0x000001f1986f3eb0 JavaThread "JNA Cleaner"                daemon [_thread_blocked, id=41412, stack(0x0000004a55500000,0x0000004a55600000) (1024K)]
  0x000001f1986f4bd0 JavaThread "Thread-1"                   daemon [_thread_in_native, id=24640, stack(0x0000004a55a00000,0x0000004a55b00000) (1024K)]
  0x000001f1986f58f0 JavaThread "Thread-2"                   daemon [_thread_in_native, id=10604, stack(0x0000004a55b00000,0x0000004a55c00000) (1024K)]
  0x000001f1986f2470 JavaThread "Thread-3"                   daemon [_thread_in_native, id=42840, stack(0x0000004a55c00000,0x0000004a55d00000) (1024K)]
  0x000001f1986f5f80 JavaThread "Thread-4"                   daemon [_thread_in_native, id=22572, stack(0x0000004a55d00000,0x0000004a55e00000) (1024K)]
  0x000001f1986f2b00 JavaThread "Thread-5"                   daemon [_thread_in_native, id=45544, stack(0x0000004a55e00000,0x0000004a55f00000) (1024K)]
  0x000001f1986f6610 JavaThread "Thread-6"                   daemon [_thread_in_native, id=23548, stack(0x0000004a55f00000,0x0000004a56000000) (1024K)]
  0x000001f1998e0f50 JavaThread "Thread-7"                   daemon [_thread_in_native, id=3824, stack(0x0000004a56000000,0x0000004a56100000) (1024K)]
  0x000001f1998e15e0 JavaThread "Thread-8"                   daemon [_thread_in_native, id=9368, stack(0x0000004a56100000,0x0000004a56200000) (1024K)]
  0x000001f1998df510 JavaThread "Thread-9"                   daemon [_thread_in_native, id=47196, stack(0x0000004a56200000,0x0000004a56300000) (1024K)]
  0x000001f1998dfba0 JavaThread "Thread-10"                  daemon [_thread_in_native, id=38288, stack(0x0000004a56300000,0x0000004a56400000) (1024K)]
  0x000001f1998e08c0 JavaThread "Thread-11"                  daemon [_thread_in_native, id=6784, stack(0x0000004a56400000,0x0000004a56500000) (1024K)]
  0x000001f1998e1c70 JavaThread "Thread-12"                  daemon [_thread_in_native, id=13676, stack(0x0000004a56500000,0x0000004a56600000) (1024K)]
  0x000001f1998de7f0 JavaThread "Thread-13"                  daemon [_thread_in_native, id=40680, stack(0x0000004a56600000,0x0000004a56700000) (1024K)]
  0x000001f1998e0230 JavaThread "Thread-14"                  daemon [_thread_in_native, id=31408, stack(0x0000004a56700000,0x0000004a56800000) (1024K)]
  0x000001f1998e2300 JavaThread "Thread-15"                  daemon [_thread_in_native, id=20512, stack(0x0000004a56800000,0x0000004a56900000) (1024K)]
  0x000001f1998dee80 JavaThread "Thread-16"                  daemon [_thread_in_native, id=14548, stack(0x0000004a56900000,0x0000004a56a00000) (1024K)]
  0x000001f1998e3020 JavaThread "Thread-17"                  daemon [_thread_in_native, id=31292, stack(0x0000004a56a00000,0x0000004a56b00000) (1024K)]
  0x000001f1998e36b0 JavaThread "pool-2-thread-1"                   [_thread_blocked, id=16992, stack(0x0000004a56b00000,0x0000004a56c00000) (1024K)]
  0x000001f1998e43d0 JavaThread "WorkspaceEventsHandler"            [_thread_blocked, id=43980, stack(0x0000004a56d00000,0x0000004a56e00000) (1024K)]
  0x000001f1998e3d40 JavaThread "pool-1-thread-1"                   [_thread_blocked, id=37592, stack(0x0000004a56e00000,0x0000004a56f00000) (1024K)]
  0x000001f1998e5e10 JavaThread "Timer-0"                           [_thread_blocked, id=37124, stack(0x0000004a57100000,0x0000004a57200000) (1024K)]
  0x000001f19b626800 JavaThread "Timer-1"                           [_thread_blocked, id=47720, stack(0x0000004a55100000,0x0000004a55200000) (1024K)]
  0x000001f19b623380 JavaThread "Timer-2"                           [_thread_blocked, id=41152, stack(0x0000004a57000000,0x0000004a57100000) (1024K)]
  0x000001f19b625450 JavaThread "Timer-3"                           [_thread_blocked, id=43316, stack(0x0000004a57300000,0x0000004a57400000) (1024K)]
  0x000001f19b625ae0 JavaThread "Timer-4"                           [_thread_blocked, id=7500, stack(0x0000004a57400000,0x0000004a57500000) (1024K)]
  0x000001f19b626170 JavaThread "Timer-5"                           [_thread_blocked, id=14764, stack(0x0000004a52a00000,0x0000004a52b00000) (1024K)]
  0x000001f19b6240a0 JavaThread "Timer-6"                           [_thread_blocked, id=31132, stack(0x0000004a52800000,0x0000004a52900000) (1024K)]
  0x000001f19b626e90 JavaThread "Timer-7"                           [_thread_blocked, id=30604, stack(0x0000004a55200000,0x0000004a55300000) (1024K)]
  0x000001f1991b6720 JavaThread "Worker-9"                          [_thread_blocked, id=30000, stack(0x0000004a55700000,0x0000004a55800000) (1024K)]
  0x000001f1991b7ad0 JavaThread "Cleaner-0"                  daemon [_thread_blocked, id=26620, stack(0x0000004a56c00000,0x0000004a56d00000) (1024K)]
  0x000001f1991b7440 JavaThread "Worker-12"                         [_thread_blocked, id=5192, stack(0x0000004a52900000,0x0000004a52a00000) (1024K)]
  0x000001f1991b8160 JavaThread "ForkJoinPool.commonPool-worker-17" daemon [_thread_blocked, id=20320, stack(0x0000004a53700000,0x0000004a53800000) (1024K)]
  0x000001f1991b87f0 JavaThread "ForkJoinPool.commonPool-worker-18" daemon [_thread_blocked, id=26848, stack(0x0000004a53800000,0x0000004a53900000) (1024K)]
  0x000001f1991b8e80 JavaThread "ForkJoinPool.commonPool-worker-19" daemon [_thread_blocked, id=18696, stack(0x0000004a53b00000,0x0000004a53c00000) (1024K)]
  0x000001f1991b5a00 JavaThread "ForkJoinPool.commonPool-worker-20" daemon [_thread_blocked, id=46372, stack(0x0000004a54f00000,0x0000004a55000000) (1024K)]
  0x000001f1991b9510 JavaThread "ForkJoinPool.commonPool-worker-21" daemon [_thread_blocked, id=39356, stack(0x0000004a55000000,0x0000004a55100000) (1024K)]
  0x000001f1991b9ba0 JavaThread "ForkJoinPool.commonPool-worker-22" daemon [_thread_blocked, id=18932, stack(0x0000004a55300000,0x0000004a55400000) (1024K)]
  0x000001f1aeb0f6e0 JavaThread "C2 CompilerThread1"         daemon [_thread_blocked, id=15412, stack(0x0000004a55600000,0x0000004a55700000) (1024K)]
  0x000001f1aeb0c060 JavaThread "C1 CompilerThread1"         daemon [_thread_blocked, id=27608, stack(0x0000004a55800000,0x0000004a55900000) (1024K)]
Total: 59

Other Threads:
  0x000001f14fd84c20 VMThread "VM Thread"                           [id=35308, stack(0x0000004a52e00000,0x0000004a52f00000) (1024K)] _threads_hazard_ptr=0x000001f19c8b0080
  0x000001f14fc7ba00 WatcherThread "VM Periodic Task Thread"        [id=17200, stack(0x0000004a52d00000,0x0000004a52e00000) (1024K)]
  0x000001f13930cb00 WorkerThread "GC Thread#0"                     [id=14812, stack(0x0000004a52c00000,0x0000004a52d00000) (1024K)]
  0x000001f198954770 WorkerThread "GC Thread#1"                     [id=47444, stack(0x0000004a53e00000,0x0000004a53f00000) (1024K)]
  0x000001f1981ca430 WorkerThread "GC Thread#2"                     [id=45132, stack(0x0000004a53f00000,0x0000004a54000000) (1024K)]
  0x000001f198ac9e50 WorkerThread "GC Thread#3"                     [id=47004, stack(0x0000004a54000000,0x0000004a54100000) (1024K)]
  0x000001f198aca1f0 WorkerThread "GC Thread#4"                     [id=5636, stack(0x0000004a54100000,0x0000004a54200000) (1024K)]
  0x000001f198aca590 WorkerThread "GC Thread#5"                     [id=10516, stack(0x0000004a54200000,0x0000004a54300000) (1024K)]
  0x000001f198943100 WorkerThread "GC Thread#6"                     [id=42864, stack(0x0000004a54300000,0x0000004a54400000) (1024K)]
  0x000001f1989a8750 WorkerThread "GC Thread#7"                     [id=40232, stack(0x0000004a54600000,0x0000004a54700000) (1024K)]
  0x000001f19870d3c0 WorkerThread "GC Thread#8"                     [id=10840, stack(0x0000004a54400000,0x0000004a54500000) (1024K)]
  0x000001f19870d760 WorkerThread "GC Thread#9"                     [id=18300, stack(0x0000004a54a00000,0x0000004a54b00000) (1024K)]
  0x000001f19870db00 WorkerThread "GC Thread#10"                    [id=17956, stack(0x0000004a54b00000,0x0000004a54c00000) (1024K)]
  0x000001f19870e240 WorkerThread "GC Thread#11"                    [id=19292, stack(0x0000004a53d00000,0x0000004a53e00000) (1024K)]
  0x000001f19870c8e0 WorkerThread "GC Thread#12"                    [id=37560, stack(0x0000004a54d00000,0x0000004a54e00000) (1024K)]
Total: 15

Threads with active compile tasks:
C2 CompilerThread0  13498092 15262       4       org.eclipse.jdt.internal.core.JavaProject$$Lambda/0x000001f1519b0d18::apply (8 bytes)
C1 CompilerThread0  13498092 15284       3       org.eclipse.jdt.internal.compiler.util.HashtableOfObject::containsKey (51 bytes)
C2 CompilerThread1  13498092 15265 % !   4       org.eclipse.jdt.internal.compiler.parser.Scanner::jumpOverMethodBody @ 7 (2550 bytes)
C1 CompilerThread1  13498092 15285       3       org.eclipse.jdt.internal.compiler.lookup.ClassScope::checkAndSetModifiersForField (301 bytes)
Total: 4

VM state: synchronizing (normal execution)

VM Mutex/Monitor currently owned by a thread:  ([mutex/lock_event])
[0x00007ff96b6fc570] CompileThread_lock - owner thread: 0x000001f19240c120
[0x00007ff96b6fd570] Threads_lock - owner thread: 0x000001f14fd84c20

Heap address: 0x0000000080000000, size: 2048 MB, Compressed Oops mode: 32-bit

CDS archive(s) mapped at: [0x000001f150000000-0x000001f150ba0000-0x000001f150ba0000), size 12189696, SharedBaseAddress: 0x000001f150000000, ArchiveRelocationMode: 1.
Compressed class space mapped at: 0x000001f151000000-0x000001f191000000, reserved size: 1073741824
Narrow klass base: 0x000001f150000000, Narrow klass shift: 0, Narrow klass range: 0x100000000

GC Precious Log:
 CardTable entry size: 512
 CPUs: 16 total, 16 available
 Memory: 15557M
 Large Page Support: Disabled
 NUMA Support: Disabled
 Compressed Oops: Enabled (32-bit)
 Alignments: Space 512K, Generation 512K, Heap 2M
 Heap Min Capacity: 100M
 Heap Initial Capacity: 100M
 Heap Max Capacity: 2G
 Pre-touch: Disabled
 Parallel Workers: 13

Heap:
 PSYoungGen      total 3584K, used 2708K [0x00000000d5580000, 0x00000000d5c80000, 0x0000000100000000)
  eden space 3072K, 88% used [0x00000000d5580000,0x00000000d58251e0,0x00000000d5880000)
  from space 512K, 0% used [0x00000000d5c00000,0x00000000d5c00000,0x00000000d5c80000)
  to   space 1024K, 0% used [0x00000000d5a80000,0x00000000d5a80000,0x00000000d5b80000)
 ParOldGen       total 517120K, used 75992K [0x0000000080000000, 0x000000009f900000, 0x00000000d5580000)
  object space 517120K, 14% used [0x0000000080000000,0x0000000084a36160,0x000000009f900000)
 Metaspace       used 89547K, committed 92160K, reserved 1179648K
  class space    used 10459K, committed 11456K, reserved 1048576K

Card table byte_map: [0x000001f138c90000,0x000001f1390a0000] _byte_map_base: 0x000001f138890000

Marking Bits: (ParMarkBitMap*) 0x00007ff96b702460
 Begin Bits: [0x000001f14b7a0000, 0x000001f14d7a0000)
 End Bits:   [0x000001f14d7a0000, 0x000001f14f7a0000)

Polling page: 0x000001f1372b0000

Metaspace:

Usage:
  Non-class:     77.23 MB used.
      Class:     10.21 MB used.
       Both:     87.45 MB used.

Virtual space:
  Non-class space:      128.00 MB reserved,      78.81 MB ( 62%) committed,  2 nodes.
      Class space:        1.00 GB reserved,      11.19 MB (  1%) committed,  1 nodes.
             Both:        1.12 GB reserved,      90.00 MB (  8%) committed. 

Chunk freelists:
   Non-Class:  1.61 MB
       Class:  5.14 MB
        Both:  6.75 MB

MaxMetaspaceSize: unlimited
CompressedClassSpaceSize: 1.00 GB
Initial GC threshold: 21.00 MB
Current GC threshold: 150.00 MB
CDS: on
 - commit_granule_bytes: 65536.
 - commit_granule_words: 8192.
 - virtual_space_node_default_size: 8388608.
 - enlarge_chunks_in_place: 1.
 - use_allocation_guard: 0.


Internal statistics:

num_allocs_failed_limit: 9.
num_arena_births: 1700.
num_arena_deaths: 698.
num_vsnodes_births: 3.
num_vsnodes_deaths: 0.
num_space_committed: 1440.
num_space_uncommitted: 0.
num_chunks_returned_to_freelist: 846.
num_chunks_taken_from_freelist: 5772.
num_chunk_merges: 279.
num_chunk_splits: 3596.
num_chunks_enlarged: 2148.
num_inconsistent_stats: 0.

CodeHeap 'non-profiled nmethods': size=119168Kb used=14214Kb max_used=14519Kb free=104953Kb
 bounds [0x000001f144090000, 0x000001f144ec0000, 0x000001f14b4f0000]
CodeHeap 'profiled nmethods': size=119104Kb used=31458Kb max_used=33562Kb free=87645Kb
 bounds [0x000001f13c4f0000, 0x000001f13e5c0000, 0x000001f143940000]
CodeHeap 'non-nmethods': size=7488Kb used=2081Kb max_used=3239Kb free=5406Kb
 bounds [0x000001f143940000, 0x000001f143c80000, 0x000001f144090000]
CodeCache: size=245760Kb, used=47753Kb, max_used=51320Kb, free=198004Kb
 total_blobs=14642, nmethods=13797, adapters=747, full_count=0
Compilation: enabled, stopped_count=0, restarted_count=0

Compilation events (20 events):
Event: 13488.128 Thread 0x000001f19240c120 nmethod 15255 0x000001f13e5ade90 code [0x000001f13e5ae040, 0x000001f13e5ae288]
Event: 13488.128 Thread 0x000001f19240c120 15256       3       java.text.DateFormatSymbols::initializeData (342 bytes)
Event: 13488.279 Thread 0x000001f1923d8c50 15261       4       org.eclipse.jdt.internal.compiler.util.ObjectVector$1::hasNext (18 bytes)
Event: 13488.369 Thread 0x000001f19240c120 nmethod 15256 0x000001f13e5ae390 code [0x000001f13e5ae960, 0x000001f13e5b1af0]
Event: 13488.373 Thread 0x000001f19240c120 15259       1       org.eclipse.core.internal.resources.Workspace::getCharsetManager (5 bytes)
Event: 13488.373 Thread 0x000001f1923d8c50 nmethod 15261 0x000001f144ebd810 code [0x000001f144ebd9a0, 0x000001f144ebda58]
Event: 13488.373 Thread 0x000001f1923d8c50 15262       4       org.eclipse.jdt.internal.core.JavaProject$$Lambda/0x000001f1519b0d18::apply (8 bytes)
Event: 13488.373 Thread 0x000001f19240c120 nmethod 15259 0x000001f144ebdb10 code [0x000001f144ebdca0, 0x000001f144ebdd68]
Event: 13488.373 Thread 0x000001f19240c120 15264       3       java.util.List::of (9 bytes)
Event: 13488.378 Thread 0x000001f19240c120 nmethod 15264 0x000001f13e5b2a10 code [0x000001f13e5b2c00, 0x000001f13e5b30b0]
Event: 13488.472 Thread 0x000001f19240c120 15266       3       org.eclipse.core.internal.dtree.DeltaDataTree::setRootData (9 bytes)
Event: 13488.490 Thread 0x000001f19240c120 nmethod 15266 0x000001f13e5b3290 code [0x000001f13e5b3440, 0x000001f13e5b3600]
Event: 13488.577 Thread 0x000001f19240c120 15272       3       java.util.Set::of (24 bytes)
Event: 13488.578 Thread 0x000001f19240c120 nmethod 15272 0x000001f13e5b3710 code [0x000001f13e5b38e0, 0x000001f13e5b3ec0]
Event: 13488.578 Thread 0x000001f1aeb0f6e0 15265 % !   4       org.eclipse.jdt.internal.compiler.parser.Scanner::jumpOverMethodBody @ 7 (2550 bytes)
Event: 13488.582 Thread 0x000001f19240c120 15273       3       org.eclipse.jdt.internal.compiler.lookup.CompilationUnitScope::resolveImports (309 bytes)
Event: 13488.743 Thread 0x000001f19240c120 nmethod 15273 0x000001f13e5b4010 code [0x000001f13e5b4360, 0x000001f13e5b5f00]
Event: 13488.751 Thread 0x000001f19240c120 15284       3       org.eclipse.jdt.internal.compiler.util.HashtableOfObject::containsKey (51 bytes)
Event: 13488.752 Thread 0x000001f1aeb0c060 15285       3       org.eclipse.jdt.internal.compiler.lookup.ClassScope::checkAndSetModifiersForField (301 bytes)
Event: 13497.039 Thread 0x000001f19240c120 nmethod 15284 0x000001f13c517290 code [0x000001f13c517480, 0x000001f13c517880]

GC Heap History (20 events):
Event: 13099.440 GC heap before
{Heap before GC invocations=667 (full 3):
 PSYoungGen      total 4096K, used 4071K [0x00000000d5580000, 0x00000000d6080000, 0x0000000100000000)
  eden space 3072K, 100% used [0x00000000d5580000,0x00000000d5880000,0x00000000d5880000)
  from space 1024K, 97% used [0x00000000d5900000,0x00000000d59f9f20,0x00000000d5a00000)
  to   space 4096K, 0% used [0x00000000d5c80000,0x00000000d5c80000,0x00000000d6080000)
 ParOldGen       total 511488K, used 511256K [0x0000000080000000, 0x000000009f380000, 0x00000000d5580000)
  object space 511488K, 99% used [0x0000000080000000,0x000000009f3460c0,0x000000009f380000)
 Metaspace       used 90286K, committed 92096K, reserved 1179648K
  class space    used 10634K, committed 11456K, reserved 1048576K
}
Event: 13099.446 GC heap after
{Heap after GC invocations=667 (full 3):
 PSYoungGen      total 4608K, used 1504K [0x00000000d5580000, 0x00000000d5e00000, 0x0000000100000000)
  eden space 3072K, 0% used [0x00000000d5580000,0x00000000d5580000,0x00000000d5880000)
  from space 1536K, 97% used [0x00000000d5c80000,0x00000000d5df8020,0x00000000d5e00000)
  to   space 2560K, 0% used [0x00000000d5900000,0x00000000d5900000,0x00000000d5b80000)
 ParOldGen       total 512512K, used 512287K [0x0000000080000000, 0x000000009f480000, 0x00000000d5580000)
  object space 512512K, 99% used [0x0000000080000000,0x000000009f447fe0,0x000000009f480000)
 Metaspace       used 90286K, committed 92096K, reserved 1179648K
  class space    used 10634K, committed 11456K, reserved 1048576K
}
Event: 13099.457 GC heap before
{Heap before GC invocations=668 (full 3):
 PSYoungGen      total 4608K, used 4576K [0x00000000d5580000, 0x00000000d5e00000, 0x0000000100000000)
  eden space 3072K, 100% used [0x00000000d5580000,0x00000000d5880000,0x00000000d5880000)
  from space 1536K, 97% used [0x00000000d5c80000,0x00000000d5df8020,0x00000000d5e00000)
  to   space 2560K, 0% used [0x00000000d5900000,0x00000000d5900000,0x00000000d5b80000)
 ParOldGen       total 512512K, used 512287K [0x0000000080000000, 0x000000009f480000, 0x00000000d5580000)
  object space 512512K, 99% used [0x0000000080000000,0x000000009f447fe0,0x000000009f480000)
 Metaspace       used 90302K, committed 92096K, reserved 1179648K
  class space    used 10634K, committed 11456K, reserved 1048576K
}
Event: 13099.461 GC heap after
{Heap after GC invocations=668 (full 3):
 PSYoungGen      total 5632K, used 2543K [0x00000000d5580000, 0x00000000d6280000, 0x0000000100000000)
  eden space 3072K, 0% used [0x00000000d5580000,0x00000000d5580000,0x00000000d5880000)
  from space 2560K, 99% used [0x00000000d5900000,0x00000000d5b7be40,0x00000000d5b80000)
  to   space 5120K, 0% used [0x00000000d5d80000,0x00000000d5d80000,0x00000000d6280000)
 ParOldGen       total 514048K, used 513978K [0x0000000080000000, 0x000000009f600000, 0x00000000d5580000)
  object space 514048K, 99% used [0x0000000080000000,0x000000009f5ee830,0x000000009f600000)
 Metaspace       used 90302K, committed 92096K, reserved 1179648K
  class space    used 10634K, committed 11456K, reserved 1048576K
}
Event: 13099.471 GC heap before
{Heap before GC invocations=669 (full 3):
 PSYoungGen      total 5632K, used 5615K [0x00000000d5580000, 0x00000000d6280000, 0x0000000100000000)
  eden space 3072K, 100% used [0x00000000d5580000,0x00000000d5880000,0x00000000d5880000)
  from space 2560K, 99% used [0x00000000d5900000,0x00000000d5b7be40,0x00000000d5b80000)
  to   space 5120K, 0% used [0x00000000d5d80000,0x00000000d5d80000,0x00000000d6280000)
 ParOldGen       total 514048K, used 513978K [0x0000000080000000, 0x000000009f600000, 0x00000000d5580000)
  object space 514048K, 99% used [0x0000000080000000,0x000000009f5ee830,0x000000009f600000)
 Metaspace       used 90310K, committed 92160K, reserved 1179648K
  class space    used 10634K, committed 11456K, reserved 1048576K
}
Event: 13099.475 GC heap after
{Heap after GC invocations=669 (full 3):
 PSYoungGen      total 5632K, used 2255K [0x00000000d5580000, 0x00000000d6000000, 0x0000000100000000)
  eden space 3072K, 0% used [0x00000000d5580000,0x00000000d5580000,0x00000000d5880000)
  from space 2560K, 88% used [0x00000000d5d80000,0x00000000d5fb3e40,0x00000000d6000000)
  to   space 3072K, 0% used [0x00000000d5a00000,0x00000000d5a00000,0x00000000d5d00000)
 ParOldGen       total 514560K, used 514130K [0x0000000080000000, 0x000000009f680000, 0x00000000d5580000)
  object space 514560K, 99% used [0x0000000080000000,0x000000009f614830,0x000000009f680000)
 Metaspace       used 90310K, committed 92160K, reserved 1179648K
  class space    used 10634K, committed 11456K, reserved 1048576K
}
Event: 13487.344 GC heap before
{Heap before GC invocations=670 (full 3):
 PSYoungGen      total 5632K, used 5327K [0x00000000d5580000, 0x00000000d6000000, 0x0000000100000000)
  eden space 3072K, 100% used [0x00000000d5580000,0x00000000d5880000,0x00000000d5880000)
  from space 2560K, 88% used [0x00000000d5d80000,0x00000000d5fb3e40,0x00000000d6000000)
  to   space 3072K, 0% used [0x00000000d5a00000,0x00000000d5a00000,0x00000000d5d00000)
 ParOldGen       total 514560K, used 514130K [0x0000000080000000, 0x000000009f680000, 0x00000000d5580000)
  object space 514560K, 99% used [0x0000000080000000,0x000000009f614830,0x000000009f680000)
 Metaspace       used 90316K, committed 92160K, reserved 1179648K
  class space    used 10635K, committed 11456K, reserved 1048576K
}
Event: 13487.472 GC heap after
{Heap after GC invocations=670 (full 3):
 PSYoungGen      total 3584K, used 416K [0x00000000d5580000, 0x00000000d5e00000, 0x0000000100000000)
  eden space 3072K, 0% used [0x00000000d5580000,0x00000000d5580000,0x00000000d5880000)
  from space 512K, 81% used [0x00000000d5a00000,0x00000000d5a68000,0x00000000d5a80000)
  to   space 1536K, 0% used [0x00000000d5c80000,0x00000000d5c80000,0x00000000d5e00000)
 ParOldGen       total 514560K, used 514154K [0x0000000080000000, 0x000000009f680000, 0x00000000d5580000)
  object space 514560K, 99% used [0x0000000080000000,0x000000009f61a830,0x000000009f680000)
 Metaspace       used 90316K, committed 92160K, reserved 1179648K
  class space    used 10635K, committed 11456K, reserved 1048576K
}
Event: 13488.027 GC heap before
{Heap before GC invocations=671 (full 3):
 PSYoungGen      total 3584K, used 3488K [0x00000000d5580000, 0x00000000d5e00000, 0x0000000100000000)
  eden space 3072K, 100% used [0x00000000d5580000,0x00000000d5880000,0x00000000d5880000)
  from space 512K, 81% used [0x00000000d5a00000,0x00000000d5a68000,0x00000000d5a80000)
  to   space 1536K, 0% used [0x00000000d5c80000,0x00000000d5c80000,0x00000000d5e00000)
 ParOldGen       total 514560K, used 514154K [0x0000000080000000, 0x000000009f680000, 0x00000000d5580000)
  object space 514560K, 99% used [0x0000000080000000,0x000000009f61a830,0x000000009f680000)
 Metaspace       used 90318K, committed 92160K, reserved 1179648K
  class space    used 10635K, committed 11456K, reserved 1048576K
}
Event: 13488.054 GC heap after
{Heap after GC invocations=671 (full 3):
 PSYoungGen      total 3584K, used 480K [0x00000000d5580000, 0x00000000d5d00000, 0x0000000100000000)
  eden space 3072K, 0% used [0x00000000d5580000,0x00000000d5580000,0x00000000d5880000)
  from space 512K, 93% used [0x00000000d5c80000,0x00000000d5cf8000,0x00000000d5d00000)
  to   space 1024K, 0% used [0x00000000d5b00000,0x00000000d5b00000,0x00000000d5c00000)
 ParOldGen       total 514560K, used 514242K [0x0000000080000000, 0x000000009f680000, 0x00000000d5580000)
  object space 514560K, 99% used [0x0000000080000000,0x000000009f630830,0x000000009f680000)
 Metaspace       used 90318K, committed 92160K, reserved 1179648K
  class space    used 10635K, committed 11456K, reserved 1048576K
}
Event: 13488.218 GC heap before
{Heap before GC invocations=672 (full 3):
 PSYoungGen      total 3584K, used 3552K [0x00000000d5580000, 0x00000000d5d00000, 0x0000000100000000)
  eden space 3072K, 100% used [0x00000000d5580000,0x00000000d5880000,0x00000000d5880000)
  from space 512K, 93% used [0x00000000d5c80000,0x00000000d5cf8000,0x00000000d5d00000)
  to   space 1024K, 0% used [0x00000000d5b00000,0x00000000d5b00000,0x00000000d5c00000)
 ParOldGen       total 514560K, used 514242K [0x0000000080000000, 0x000000009f680000, 0x00000000d5580000)
  object space 514560K, 99% used [0x0000000080000000,0x000000009f630830,0x000000009f680000)
 Metaspace       used 90327K, committed 92160K, reserved 1179648K
  class space    used 10635K, committed 11456K, reserved 1048576K
}
Event: 13488.264 GC heap after
{Heap after GC invocations=672 (full 3):
 PSYoungGen      total 4096K, used 1008K [0x00000000d5580000, 0x00000000d5d00000, 0x0000000100000000)
  eden space 3072K, 0% used [0x00000000d5580000,0x00000000d5580000,0x00000000d5880000)
  from space 1024K, 98% used [0x00000000d5b00000,0x00000000d5bfc080,0x00000000d5c00000)
  to   space 1024K, 0% used [0x00000000d5c00000,0x00000000d5c00000,0x00000000d5d00000)
 ParOldGen       total 515072K, used 514753K [0x0000000080000000, 0x000000009f700000, 0x00000000d5580000)
  object space 515072K, 99% used [0x0000000080000000,0x000000009f6b07b8,0x000000009f700000)
 Metaspace       used 90327K, committed 92160K, reserved 1179648K
  class space    used 10635K, committed 11456K, reserved 1048576K
}
Event: 13488.528 GC heap before
{Heap before GC invocations=673 (full 3):
 PSYoungGen      total 4096K, used 4080K [0x00000000d5580000, 0x00000000d5d00000, 0x0000000100000000)
  eden space 3072K, 100% used [0x00000000d5580000,0x00000000d5880000,0x00000000d5880000)
  from space 1024K, 98% used [0x00000000d5b00000,0x00000000d5bfc080,0x00000000d5c00000)
  to   space 1024K, 0% used [0x00000000d5c00000,0x00000000d5c00000,0x00000000d5d00000)
 ParOldGen       total 515072K, used 514753K [0x0000000080000000, 0x000000009f700000, 0x00000000d5580000)
  object space 515072K, 99% used [0x0000000080000000,0x000000009f6b07b8,0x000000009f700000)
 Metaspace       used 90329K, committed 92160K, reserved 1179648K
  class space    used 10635K, committed 11456K, reserved 1048576K
}
Event: 13488.540 GC heap after
{Heap after GC invocations=673 (full 3):
 PSYoungGen      total 4096K, used 720K [0x00000000d5580000, 0x00000000d5d00000, 0x0000000100000000)
  eden space 3072K, 0% used [0x00000000d5580000,0x00000000d5580000,0x00000000d5880000)
  from space 1024K, 70% used [0x00000000d5c00000,0x00000000d5cb4030,0x00000000d5d00000)
  to   space 1024K, 0% used [0x00000000d5b00000,0x00000000d5b00000,0x00000000d5c00000)
 ParOldGen       total 515584K, used 515349K [0x0000000080000000, 0x000000009f780000, 0x00000000d5580000)
  object space 515584K, 99% used [0x0000000080000000,0x000000009f7455a8,0x000000009f780000)
 Metaspace       used 90329K, committed 92160K, reserved 1179648K
  class space    used 10635K, committed 11456K, reserved 1048576K
}
Event: 13488.617 GC heap before
{Heap before GC invocations=674 (full 3):
 PSYoungGen      total 4096K, used 3792K [0x00000000d5580000, 0x00000000d5d00000, 0x0000000100000000)
  eden space 3072K, 100% used [0x00000000d5580000,0x00000000d5880000,0x00000000d5880000)
  from space 1024K, 70% used [0x00000000d5c00000,0x00000000d5cb4030,0x00000000d5d00000)
  to   space 1024K, 0% used [0x00000000d5b00000,0x00000000d5b00000,0x00000000d5c00000)
 ParOldGen       total 515584K, used 515349K [0x0000000080000000, 0x000000009f780000, 0x00000000d5580000)
  object space 515584K, 99% used [0x0000000080000000,0x000000009f7455a8,0x000000009f780000)
 Metaspace       used 90331K, committed 92160K, reserved 1179648K
  class space    used 10635K, committed 11456K, reserved 1048576K
}
Event: 13488.641 GC heap after
{Heap after GC invocations=674 (full 3):
 PSYoungGen      total 4096K, used 1024K [0x00000000d5580000, 0x00000000d5c80000, 0x0000000100000000)
  eden space 3072K, 0% used [0x00000000d5580000,0x00000000d5580000,0x00000000d5880000)
  from space 1024K, 100% used [0x00000000d5b00000,0x00000000d5c00000,0x00000000d5c00000)
  to   space 512K, 0% used [0x00000000d5c00000,0x00000000d5c00000,0x00000000d5c80000)
 ParOldGen       total 516096K, used 515844K [0x0000000080000000, 0x000000009f800000, 0x00000000d5580000)
  object space 516096K, 99% used [0x0000000080000000,0x000000009f7c1378,0x000000009f800000)
 Metaspace       used 90331K, committed 92160K, reserved 1179648K
  class space    used 10635K, committed 11456K, reserved 1048576K
}
Event: 13488.759 GC heap before
{Heap before GC invocations=675 (full 3):
 PSYoungGen      total 4096K, used 2854K [0x00000000d5580000, 0x00000000d5c80000, 0x0000000100000000)
  eden space 3072K, 59% used [0x00000000d5580000,0x00000000d5749ba0,0x00000000d5880000)
  from space 1024K, 100% used [0x00000000d5b00000,0x00000000d5c00000,0x00000000d5c00000)
  to   space 512K, 0% used [0x00000000d5c00000,0x00000000d5c00000,0x00000000d5c80000)
 ParOldGen       total 516096K, used 515844K [0x0000000080000000, 0x000000009f800000, 0x00000000d5580000)
  object space 516096K, 99% used [0x0000000080000000,0x000000009f7c1378,0x000000009f800000)
 Metaspace       used 90331K, committed 92160K, reserved 1179648K
  class space    used 10635K, committed 11456K, reserved 1048576K
}
Event: 13488.775 GC heap after
{Heap after GC invocations=675 (full 3):
 PSYoungGen      total 3584K, used 320K [0x00000000d5580000, 0x00000000d5c80000, 0x0000000100000000)
  eden space 3072K, 0% used [0x00000000d5580000,0x00000000d5580000,0x00000000d5880000)
  from space 512K, 62% used [0x00000000d5c00000,0x00000000d5c50000,0x00000000d5c80000)
  to   space 1024K, 0% used [0x00000000d5a80000,0x00000000d5a80000,0x00000000d5b80000)
 ParOldGen       total 517120K, used 516676K [0x0000000080000000, 0x000000009f900000, 0x00000000d5580000)
  object space 517120K, 99% used [0x0000000080000000,0x000000009f891378,0x000000009f900000)
 Metaspace       used 90331K, committed 92160K, reserved 1179648K
  class space    used 10635K, committed 11456K, reserved 1048576K
}
Event: 13488.777 GC heap before
{Heap before GC invocations=676 (full 4):
 PSYoungGen      total 3584K, used 320K [0x00000000d5580000, 0x00000000d5c80000, 0x0000000100000000)
  eden space 3072K, 0% used [0x00000000d5580000,0x00000000d5580000,0x00000000d5880000)
  from space 512K, 62% used [0x00000000d5c00000,0x00000000d5c50000,0x00000000d5c80000)
  to   space 1024K, 0% used [0x00000000d5a80000,0x00000000d5a80000,0x00000000d5b80000)
 ParOldGen       total 517120K, used 516676K [0x0000000080000000, 0x000000009f900000, 0x00000000d5580000)
  object space 517120K, 99% used [0x0000000080000000,0x000000009f891378,0x000000009f900000)
 Metaspace       used 90331K, committed 92160K, reserved 1179648K
  class space    used 10635K, committed 11456K, reserved 1048576K
}
Event: 13497.038 GC heap after
{Heap after GC invocations=676 (full 4):
 PSYoungGen      total 3584K, used 0K [0x00000000d5580000, 0x00000000d5c80000, 0x0000000100000000)
  eden space 3072K, 0% used [0x00000000d5580000,0x00000000d5580000,0x00000000d5880000)
  from space 512K, 0% used [0x00000000d5c00000,0x00000000d5c00000,0x00000000d5c80000)
  to   space 1024K, 0% used [0x00000000d5a80000,0x00000000d5a80000,0x00000000d5b80000)
 ParOldGen       total 517120K, used 75992K [0x0000000080000000, 0x000000009f900000, 0x00000000d5580000)
  object space 517120K, 14% used [0x0000000080000000,0x0000000084a36160,0x000000009f900000)
 Metaspace       used 89547K, committed 92160K, reserved 1179648K
  class space    used 10459K, committed 11456K, reserved 1048576K
}

Dll operation events (15 events):
Event: 0.017 Loaded shared library c:\Users\ngotu\.vscode\extensions\redhat.java-1.50.0-win32-x64\jre\21.0.9-win32-x86_64\bin\java.dll
Event: 0.129 Loaded shared library c:\Users\ngotu\.vscode\extensions\redhat.java-1.50.0-win32-x64\jre\21.0.9-win32-x86_64\bin\zip.dll
Event: 0.168 Loaded shared library C:\Users\ngotu\.vscode\extensions\redhat.java-1.50.0-win32-x64\jre\21.0.9-win32-x86_64\bin\instrument.dll
Event: 0.181 Loaded shared library C:\Users\ngotu\.vscode\extensions\redhat.java-1.50.0-win32-x64\jre\21.0.9-win32-x86_64\bin\net.dll
Event: 0.184 Loaded shared library C:\Users\ngotu\.vscode\extensions\redhat.java-1.50.0-win32-x64\jre\21.0.9-win32-x86_64\bin\nio.dll
Event: 0.192 Loaded shared library C:\Users\ngotu\.vscode\extensions\redhat.java-1.50.0-win32-x64\jre\21.0.9-win32-x86_64\bin\zip.dll
Event: 0.229 Loaded shared library C:\Users\ngotu\.vscode\extensions\redhat.java-1.50.0-win32-x64\jre\21.0.9-win32-x86_64\bin\jimage.dll
Event: 0.361 Loaded shared library c:\Users\ngotu\.vscode\extensions\redhat.java-1.50.0-win32-x64\jre\21.0.9-win32-x86_64\bin\verify.dll
Event: 2.318 Loaded shared library C:\Users\ngotu\AppData\Roaming\Code\User\globalStorage\redhat.java\1.50.0\config_win\org.eclipse.equinox.launcher\org.eclipse.equinox.launcher.win32.win32.x86_64_1.2.1400.v20250801-0854\eclipse_11916.dll
Event: 4.398 Loaded shared library C:\Users\ngotu\.vscode\extensions\redhat.java-1.50.0-win32-x64\jre\21.0.9-win32-x86_64\bin\management.dll
Event: 4.404 Loaded shared library C:\Users\ngotu\.vscode\extensions\redhat.java-1.50.0-win32-x64\jre\21.0.9-win32-x86_64\bin\management_ext.dll
Event: 7.392 Loaded shared library C:\Users\ngotu\AppData\Local\Temp\jna-104766167\jna7902260550944540706.dll
Event: 7.588 Loaded shared library C:\Users\ngotu\.vscode\extensions\redhat.java-1.50.0-win32-x64\jre\21.0.9-win32-x86_64\bin\sunmscapi.dll
Event: 8.189 Loaded shared library C:\Users\ngotu\.vscode\extensions\redhat.java-1.50.0-win32-x64\jre\21.0.9-win32-x86_64\bin\extnet.dll
Event: 12.109 Loaded shared library C:\Users\ngotu\.gradle\native\1def1411415f61bf3af743bc5b6707747c0891f09f0c88961ee8f79bc544acac\windows-amd64\native-platform.dll

Deoptimization events (20 events):
Event: 13488.356 Thread 0x000001f1991b9510 Uncommon trap: trap_request=0xffffffbe fr.pc=0x000001f144e60ec8 relative=0x0000000000000868
Event: 13488.359 Thread 0x000001f1991b8e80 Uncommon trap: trap_request=0xffffffde fr.pc=0x000001f144e9c128 relative=0x0000000000000f88
Event: 13488.359 Thread 0x000001f1991b8e80 Uncommon trap: reason=class_check action=maybe_recompile pc=0x000001f144e9c128 method=org.eclipse.jdt.internal.compiler.parser.Parser.consumeRule(I)V @ 4416 c2
Event: 13488.360 Thread 0x000001f1991b8e80 DEOPT PACKING pc=0x000001f144e9c128 sp=0x0000004a53bfe180
Event: 13488.360 Thread 0x000001f1991b9510 Uncommon trap: reason=profile_predicate action=maybe_recompile pc=0x000001f144e60ec8 method=org.eclipse.jdt.internal.compiler.parser.Scanner.jumpOverMethodBody()V @ 12 c2
Event: 13488.361 Thread 0x000001f1991b9510 DEOPT PACKING pc=0x000001f144e60ec8 sp=0x0000004a550fdf50
Event: 13488.361 Thread 0x000001f1991b9ba0 Uncommon trap: trap_request=0xffffffbe fr.pc=0x000001f144e60ec8 relative=0x0000000000000868
Event: 13488.361 Thread 0x000001f1991b9ba0 Uncommon trap: reason=profile_predicate action=maybe_recompile pc=0x000001f144e60ec8 method=org.eclipse.jdt.internal.compiler.parser.Scanner.jumpOverMethodBody()V @ 12 c2
Event: 13488.361 Thread 0x000001f1991b9ba0 DEOPT PACKING pc=0x000001f144e60ec8 sp=0x0000004a553fdda0
Event: 13488.373 Thread 0x000001f1991b9ba0 DEOPT UNPACKING pc=0x000001f143993aa2 sp=0x0000004a553fdd40 mode 2
Event: 13488.373 Thread 0x000001f1991b9510 DEOPT UNPACKING pc=0x000001f143993aa2 sp=0x0000004a550fdef0 mode 2
Event: 13488.376 Thread 0x000001f1991b8e80 DEOPT UNPACKING pc=0x000001f143993aa2 sp=0x0000004a53bfe108 mode 2
Event: 13488.376 Thread 0x000001f1991b8e80 Uncommon trap: trap_request=0xffffffde fr.pc=0x000001f144e9c0f4 relative=0x0000000000000f54
Event: 13488.376 Thread 0x000001f1991b8e80 Uncommon trap: reason=class_check action=maybe_recompile pc=0x000001f144e9c0f4 method=org.eclipse.jdt.internal.compiler.parser.Parser.consumeRule(I)V @ 4401 c2
Event: 13488.376 Thread 0x000001f1991b8e80 DEOPT PACKING pc=0x000001f144e9c0f4 sp=0x0000004a53bfe180
Event: 13488.376 Thread 0x000001f1991b8e80 DEOPT UNPACKING pc=0x000001f143993aa2 sp=0x0000004a53bfe110 mode 2
Event: 13498.046 Thread 0x000001f1991b9ba0 DEOPT PACKING pc=0x000001f13e411b43 sp=0x0000004a553fdf70
Event: 13498.046 Thread 0x000001f1991b9ba0 DEOPT UNPACKING pc=0x000001f143994242 sp=0x0000004a553fd4b0 mode 0
Event: 13498.046 Thread 0x000001f1991b8160 DEOPT PACKING pc=0x000001f13e411b43 sp=0x0000004a537fe0b0
Event: 13498.046 Thread 0x000001f1991b8e80 DEOPT PACKING pc=0x000001f13de29bf6 sp=0x0000004a53bfde70

Classes loaded (20 events):
Event: 285.395 Loading class java/util/stream/Nodes$IntFixedNodeBuilder
Event: 285.396 Loading class java/util/stream/Node$Builder$OfInt
Event: 285.396 Loading class java/util/stream/Node$Builder$OfInt done
Event: 285.396 Loading class java/util/stream/Nodes$IntArrayNode
Event: 285.397 Loading class java/util/stream/Nodes$IntArrayNode done
Event: 285.397 Loading class java/util/stream/Nodes$IntFixedNodeBuilder done
Event: 285.397 Loading class java/util/stream/ReferencePipeline$4$1
Event: 285.397 Loading class java/util/stream/ReferencePipeline$4$1 done
Event: 285.520 Loading class java/util/Hashtable$ValueCollection
Event: 285.520 Loading class java/util/Hashtable$ValueCollection done
Event: 286.802 Loading class java/util/stream/ReduceOps$4
Event: 286.802 Loading class java/util/stream/ReduceOps$4 done
Event: 286.802 Loading class java/util/stream/ReduceOps$4ReducingSink
Event: 286.803 Loading class java/util/stream/ReduceOps$4ReducingSink done
Event: 287.244 Loading class java/lang/Throwable$WrappedPrintWriter
Event: 287.246 Loading class java/lang/Throwable$PrintStreamOrWriter
Event: 287.249 Loading class java/lang/Throwable$PrintStreamOrWriter done
Event: 287.249 Loading class java/lang/Throwable$WrappedPrintWriter done
Event: 7885.903 Loading class jdk/internal/ref/CleanerImpl$InnocuousThreadFactory
Event: 7885.904 Loading class jdk/internal/ref/CleanerImpl$InnocuousThreadFactory done

Classes unloaded (20 events):
Event: 13491.066 Thread 0x000001f14fd84c20 Unloading class 0x000001f151016400 'java/lang/invoke/LambdaForm$MH+0x000001f151016400'
Event: 13491.066 Thread 0x000001f14fd84c20 Unloading class 0x000001f15100d800 'java/lang/invoke/LambdaForm$MH+0x000001f15100d800'
Event: 13491.067 Thread 0x000001f14fd84c20 Unloading class 0x000001f15100d400 'java/lang/invoke/LambdaForm$MH+0x000001f15100d400'
Event: 13491.067 Thread 0x000001f14fd84c20 Unloading class 0x000001f15100d000 'java/lang/invoke/LambdaForm$MH+0x000001f15100d000'
Event: 13491.067 Thread 0x000001f14fd84c20 Unloading class 0x000001f15100cc00 'java/lang/invoke/LambdaForm$MH+0x000001f15100cc00'
Event: 13491.067 Thread 0x000001f14fd84c20 Unloading class 0x000001f15100c800 'java/lang/invoke/LambdaForm$BMH+0x000001f15100c800'
Event: 13491.067 Thread 0x000001f14fd84c20 Unloading class 0x000001f15100c000 'java/lang/invoke/LambdaForm$DMH+0x000001f15100c000'
Event: 13491.067 Thread 0x000001f14fd84c20 Unloading class 0x000001f151008c00 'java/lang/invoke/LambdaForm$MH+0x000001f151008c00'
Event: 13491.068 Thread 0x000001f14fd84c20 Unloading class 0x000001f151008800 'java/lang/invoke/LambdaForm$MH+0x000001f151008800'
Event: 13491.068 Thread 0x000001f14fd84c20 Unloading class 0x000001f151008400 'java/lang/invoke/LambdaForm$MH+0x000001f151008400'
Event: 13491.068 Thread 0x000001f14fd84c20 Unloading class 0x000001f151007000 'java/lang/invoke/LambdaForm$MH+0x000001f151007000'
Event: 13491.068 Thread 0x000001f14fd84c20 Unloading class 0x000001f151006800 'java/lang/invoke/LambdaForm$MH+0x000001f151006800'
Event: 13491.068 Thread 0x000001f14fd84c20 Unloading class 0x000001f151006400 'java/lang/invoke/LambdaForm$MH+0x000001f151006400'
Event: 13491.068 Thread 0x000001f14fd84c20 Unloading class 0x000001f151006000 'java/lang/invoke/LambdaForm$MH+0x000001f151006000'
Event: 13491.068 Thread 0x000001f14fd84c20 Unloading class 0x000001f151005c00 'java/lang/invoke/LambdaForm$BMH+0x000001f151005c00'
Event: 13491.068 Thread 0x000001f14fd84c20 Unloading class 0x000001f151004800 'java/lang/invoke/LambdaForm$DMH+0x000001f151004800'
Event: 13491.068 Thread 0x000001f14fd84c20 Unloading class 0x000001f151002400 'java/lang/invoke/LambdaForm$MH+0x000001f151002400'
Event: 13491.068 Thread 0x000001f14fd84c20 Unloading class 0x000001f151002000 'java/lang/invoke/LambdaForm$MH+0x000001f151002000'
Event: 13491.068 Thread 0x000001f14fd84c20 Unloading class 0x000001f151001800 'java/lang/invoke/LambdaForm$MH+0x000001f151001800'
Event: 13491.068 Thread 0x000001f14fd84c20 Unloading class 0x000001f151000400 'java/lang/invoke/LambdaForm$MH+0x000001f151000400'

Classes redefined (0 events):
No events

Internal exceptions (20 events):
Event: 13497.053 Thread 0x000001f1991b8160 Implicit null exception at 0x000001f13e03149b to 0x000001f13e031a55
Event: 13497.053 Thread 0x000001f1991b8160 Exception <a 'java/lang/NullPointerException'{0x00000000d56d3f40}> (0x00000000d56d3f40) 
thrown [s\src\hotspot\share\runtime\sharedRuntime.cpp, line 625]
Event: 13497.053 Thread 0x000001f1991b8160 Implicit null exception at 0x000001f13e03149b to 0x000001f13e031a55
Event: 13497.053 Thread 0x000001f1991b8160 Exception <a 'java/lang/NullPointerException'{0x00000000d56dce00}> (0x00000000d56dce00) 
thrown [s\src\hotspot\share\runtime\sharedRuntime.cpp, line 625]
Event: 13497.054 Thread 0x000001f1991b8160 Implicit null exception at 0x000001f13e03149b to 0x000001f13e031a55
Event: 13497.054 Thread 0x000001f1991b8160 Exception <a 'java/lang/NullPointerException'{0x00000000d56e3de0}> (0x00000000d56e3de0) 
thrown [s\src\hotspot\share\runtime\sharedRuntime.cpp, line 625]
Event: 13497.054 Thread 0x000001f1991b8160 Implicit null exception at 0x000001f13e03149b to 0x000001f13e031a55
Event: 13497.054 Thread 0x000001f1991b8160 Exception <a 'java/lang/NullPointerException'{0x00000000d56ea228}> (0x00000000d56ea228) 
thrown [s\src\hotspot\share\runtime\sharedRuntime.cpp, line 625]
Event: 13497.054 Thread 0x000001f1991b8160 Implicit null exception at 0x000001f13e03149b to 0x000001f13e031a55
Event: 13497.054 Thread 0x000001f1991b8160 Exception <a 'java/lang/NullPointerException'{0x00000000d56f2db8}> (0x00000000d56f2db8) 
thrown [s\src\hotspot\share\runtime\sharedRuntime.cpp, line 625]
Event: 13497.054 Thread 0x000001f1991b8160 Implicit null exception at 0x000001f13e03149b to 0x000001f13e031a55
Event: 13497.054 Thread 0x000001f1991b8160 Exception <a 'java/lang/NullPointerException'{0x00000000d56ff218}> (0x00000000d56ff218) 
thrown [s\src\hotspot\share\runtime\sharedRuntime.cpp, line 625]
Event: 13497.055 Thread 0x000001f1991b8160 Implicit null exception at 0x000001f13e03149b to 0x000001f13e031a55
Event: 13497.055 Thread 0x000001f1991b8160 Exception <a 'java/lang/NullPointerException'{0x00000000d5708c18}> (0x00000000d5708c18) 
thrown [s\src\hotspot\share\runtime\sharedRuntime.cpp, line 625]
Event: 13497.055 Thread 0x000001f1991b8160 Implicit null exception at 0x000001f13e03149b to 0x000001f13e031a55
Event: 13497.055 Thread 0x000001f1991b8160 Exception <a 'java/lang/NullPointerException'{0x00000000d570eab0}> (0x00000000d570eab0) 
thrown [s\src\hotspot\share\runtime\sharedRuntime.cpp, line 625]
Event: 13497.055 Thread 0x000001f1991b8160 Implicit null exception at 0x000001f13e03149b to 0x000001f13e031a55
Event: 13497.055 Thread 0x000001f1991b8160 Exception <a 'java/lang/NullPointerException'{0x00000000d570f338}> (0x00000000d570f338) 
thrown [s\src\hotspot\share\runtime\sharedRuntime.cpp, line 625]
Event: 13497.055 Thread 0x000001f1991b8160 Implicit null exception at 0x000001f13e03149b to 0x000001f13e031a55
Event: 13497.055 Thread 0x000001f1991b8160 Exception <a 'java/lang/NullPointerException'{0x00000000d5712700}> (0x00000000d5712700) 
thrown [s\src\hotspot\share\runtime\sharedRuntime.cpp, line 625]

ZGC Phase Switch (0 events):
No events

VM Operations (20 events):
Event: 13349.950 Executing VM operation: HandshakeAllThreads (HandshakeForDeflation) done
Event: 13349.950 Executing VM operation: RendezvousGCThreads
Event: 13349.950 Executing VM operation: RendezvousGCThreads done
Event: 13410.140 Executing VM operation: HandshakeAllThreads (HandshakeForDeflation)
Event: 13410.141 Executing VM operation: HandshakeAllThreads (HandshakeForDeflation) done
Event: 13410.141 Executing VM operation: RendezvousGCThreads
Event: 13410.141 Executing VM operation: RendezvousGCThreads done
Event: 13487.342 Executing VM operation: ParallelGCFailedAllocation (Allocation Failure)
Event: 13487.472 Executing VM operation: ParallelGCFailedAllocation (Allocation Failure) done
Event: 13488.019 Executing VM operation: ParallelGCFailedAllocation (Allocation Failure)
Event: 13488.054 Executing VM operation: ParallelGCFailedAllocation (Allocation Failure) done
Event: 13488.213 Executing VM operation: ParallelGCFailedAllocation (Allocation Failure)
Event: 13488.264 Executing VM operation: ParallelGCFailedAllocation (Allocation Failure) done
Event: 13488.522 Executing VM operation: ParallelGCFailedAllocation (Allocation Failure)
Event: 13488.541 Executing VM operation: ParallelGCFailedAllocation (Allocation Failure) done
Event: 13488.590 Executing VM operation: ParallelGCFailedAllocation (Allocation Failure)
Event: 13488.641 Executing VM operation: ParallelGCFailedAllocation (Allocation Failure) done
Event: 13488.752 Executing VM operation: ParallelGCSystemGC (CodeCache GC Threshold)
Event: 13497.039 Executing VM operation: ParallelGCSystemGC (CodeCache GC Threshold) done
Event: 13498.046 Executing VM operation: Cleanup

Memory protections (0 events):
No events

Nmethod flushes (20 events):
Event: 13495.889 Thread 0x000001f14fd84c20 flushing  nmethod 0x000001f13d24d690
Event: 13495.889 Thread 0x000001f14fd84c20 flushing  nmethod 0x000001f13d24dc10
Event: 13495.889 Thread 0x000001f14fd84c20 flushing  nmethod 0x000001f13d24e790
Event: 13495.890 Thread 0x000001f14fd84c20 flushing  nmethod 0x000001f13d250310
Event: 13495.890 Thread 0x000001f14fd84c20 flushing  nmethod 0x000001f13d250a90
Event: 13495.890 Thread 0x000001f14fd84c20 flushing  nmethod 0x000001f13d251090
Event: 13495.890 Thread 0x000001f14fd84c20 flushing  nmethod 0x000001f13d28fc10
Event: 13495.890 Thread 0x000001f14fd84c20 flushing  nmethod 0x000001f13d29a410
Event: 13495.890 Thread 0x000001f14fd84c20 flushing  nmethod 0x000001f13d2a6510
Event: 13495.890 Thread 0x000001f14fd84c20 flushing  nmethod 0x000001f13d2b9390
Event: 13495.891 Thread 0x000001f14fd84c20 flushing  nmethod 0x000001f13d2c5a90
Event: 13495.891 Thread 0x000001f14fd84c20 flushing  nmethod 0x000001f13d2ed990
Event: 13495.891 Thread 0x000001f14fd84c20 flushing  nmethod 0x000001f13d424390
Event: 13495.891 Thread 0x000001f14fd84c20 flushing  nmethod 0x000001f13d44e810
Event: 13495.891 Thread 0x000001f14fd84c20 flushing  nmethod 0x000001f13d46b410
Event: 13495.891 Thread 0x000001f14fd84c20 flushing  nmethod 0x000001f13d47ef90
Event: 13495.891 Thread 0x000001f14fd84c20 flushing  nmethod 0x000001f13d47fc10
Event: 13495.891 Thread 0x000001f14fd84c20 flushing  nmethod 0x000001f13d4cdc90
Event: 13495.891 Thread 0x000001f14fd84c20 flushing  nmethod 0x000001f13d501f10
Event: 13495.891 Thread 0x000001f14fd84c20 flushing  nmethod 0x000001f13d510310

Events (20 events):
Event: 13104.520 Thread 0x000001f1aeb0c730 Thread exited: 0x000001f1aeb0c730
Event: 13104.615 Thread 0x000001f1aeb0f6e0 Thread exited: 0x000001f1aeb0f6e0
Event: 13109.481 Thread 0x000001f1aeb0d4d0 Thread exited: 0x000001f1aeb0d4d0
Event: 13138.754 Thread 0x000001f1986efd10 Thread exited: 0x000001f1986efd10
Event: 13159.482 Thread 0x000001f1991b8160 Thread exited: 0x000001f1991b8160
Event: 13219.483 Thread 0x000001f1991b5a00 Thread exited: 0x000001f1991b5a00
Event: 13279.483 Thread 0x000001f1991b87f0 Thread exited: 0x000001f1991b87f0
Event: 13339.483 Thread 0x000001f1991b8e80 Thread exited: 0x000001f1991b8e80
Event: 13353.329 Thread 0x000001f1991b7440 Thread added: 0x000001f1991b8160
Event: 13353.333 Thread 0x000001f1991b8160 Thread exited: 0x000001f1991b8160
Event: 13353.353 Thread 0x000001f1991b7440 Thread added: 0x000001f1991b8160
Event: 13353.354 Thread 0x000001f1991b8160 Thread exited: 0x000001f1991b8160
Event: 13487.320 Thread 0x000001f1998e3d40 Thread added: 0x000001f1991b8160
Event: 13487.326 Thread 0x000001f1998e3d40 Thread added: 0x000001f1991b87f0
Event: 13487.328 Thread 0x000001f1998e3d40 Thread added: 0x000001f1991b8e80
Event: 13487.329 Thread 0x000001f1991b8e80 Thread added: 0x000001f1991b5a00
Event: 13487.331 Thread 0x000001f1991b5a00 Thread added: 0x000001f1991b9510
Event: 13487.333 Thread 0x000001f1991b9510 Thread added: 0x000001f1991b9ba0
Event: 13488.578 Thread 0x000001f19240c120 Thread added: 0x000001f1aeb0f6e0
Event: 13488.751 Thread 0x000001f19240c120 Thread added: 0x000001f1aeb0c060


Dynamic libraries:
0x00007ff633260000 - 0x00007ff63326e000 	c:\Users\ngotu\.vscode\extensions\redhat.java-1.50.0-win32-x64\jre\21.0.9-win32-x86_64\bin\java.exe
0x00007ffa1a240000 - 0x00007ffa1a4a7000 	C:\WINDOWS\SYSTEM32\ntdll.dll
0x00007ffa192f0000 - 0x00007ffa193b9000 	C:\WINDOWS\System32\KERNEL32.DLL
0x00007ffa17680000 - 0x00007ffa17a6f000 	C:\WINDOWS\System32\KERNELBASE.dll
0x00007ffa17a80000 - 0x00007ffa17bcb000 	C:\WINDOWS\System32\ucrtbase.dll
0x00007ff9e4fe0000 - 0x00007ff9e4ff8000 	c:\Users\ngotu\.vscode\extensions\redhat.java-1.50.0-win32-x64\jre\21.0.9-win32-x86_64\bin\jli.dll
0x00007ff9e6d60000 - 0x00007ff9e6d7e000 	c:\Users\ngotu\.vscode\extensions\redhat.java-1.50.0-win32-x64\jre\21.0.9-win32-x86_64\bin\VCRUNTIME140.dll
0x00007ffa18a20000 - 0x00007ffa18be5000 	C:\WINDOWS\System32\USER32.dll
0x00007ffa02430000 - 0x00007ffa026c3000 	C:\WINDOWS\WinSxS\amd64_microsoft.windows.common-controls_6595b64144ccf1df_6.0.26100.7309_none_3e05feeae336a044\COMCTL32.dll
0x00007ffa17db0000 - 0x00007ffa17dd7000 	C:\WINDOWS\System32\win32u.dll
0x00007ffa18170000 - 0x00007ffa18219000 	C:\WINDOWS\System32\msvcrt.dll
0x00007ffa1a1b0000 - 0x00007ffa1a1db000 	C:\WINDOWS\System32\GDI32.dll
0x00007ffa17bd0000 - 0x00007ffa17cfc000 	C:\WINDOWS\System32\gdi32full.dll
0x00007ffa17e70000 - 0x00007ffa17f13000 	C:\WINDOWS\System32\msvcp_win.dll
0x00007ffa19560000 - 0x00007ffa19591000 	C:\WINDOWS\System32\IMM32.DLL
0x00007ffa022f0000 - 0x00007ffa022fc000 	c:\Users\ngotu\.vscode\extensions\redhat.java-1.50.0-win32-x64\jre\21.0.9-win32-x86_64\bin\vcruntime140_1.dll
0x00007ff9d6e60000 - 0x00007ff9d6eed000 	c:\Users\ngotu\.vscode\extensions\redhat.java-1.50.0-win32-x64\jre\21.0.9-win32-x86_64\bin\msvcp140.dll
0x00007ff96aa40000 - 0x00007ff96b7e0000 	c:\Users\ngotu\.vscode\extensions\redhat.java-1.50.0-win32-x64\jre\21.0.9-win32-x86_64\bin\server\jvm.dll
0x00007ffa183d0000 - 0x00007ffa18484000 	C:\WINDOWS\System32\ADVAPI32.dll
0x00007ffa18220000 - 0x00007ffa182c6000 	C:\WINDOWS\System32\sechost.dll
0x00007ffa18040000 - 0x00007ffa18158000 	C:\WINDOWS\System32\RPCRT4.dll
0x00007ffa184a0000 - 0x00007ffa18514000 	C:\WINDOWS\System32\WS2_32.dll
0x00007ffa171f0000 - 0x00007ffa1724e000 	C:\WINDOWS\SYSTEM32\POWRPROF.dll
0x00007ffa0ab60000 - 0x00007ffa0ab95000 	C:\WINDOWS\SYSTEM32\WINMM.dll
0x00007ffa0ab50000 - 0x00007ffa0ab5b000 	C:\WINDOWS\SYSTEM32\VERSION.dll
0x00007ffa171d0000 - 0x00007ffa171e4000 	C:\WINDOWS\SYSTEM32\UMPDC.dll
0x00007ffa16140000 - 0x00007ffa1615b000 	C:\WINDOWS\SYSTEM32\kernel.appcore.dll
0x00007ff9faf70000 - 0x00007ff9faf7a000 	c:\Users\ngotu\.vscode\extensions\redhat.java-1.50.0-win32-x64\jre\21.0.9-win32-x86_64\bin\jimage.dll
0x00007ffa06b00000 - 0x00007ffa06d42000 	C:\WINDOWS\SYSTEM32\DBGHELP.DLL
0x00007ffa18690000 - 0x00007ffa18a15000 	C:\WINDOWS\System32\combase.dll
0x00007ffa19880000 - 0x00007ffa19956000 	C:\WINDOWS\System32\OLEAUT32.dll
0x00007ff9f8480000 - 0x00007ff9f84bc000 	C:\WINDOWS\SYSTEM32\dbgcore.DLL
0x00007ffa17d00000 - 0x00007ffa17da5000 	C:\WINDOWS\System32\bcryptPrimitives.dll
0x00007ff9f1c50000 - 0x00007ff9f1c5f000 	c:\Users\ngotu\.vscode\extensions\redhat.java-1.50.0-win32-x64\jre\21.0.9-win32-x86_64\bin\instrument.dll
0x00007ff9e4d10000 - 0x00007ff9e4d30000 	c:\Users\ngotu\.vscode\extensions\redhat.java-1.50.0-win32-x64\jre\21.0.9-win32-x86_64\bin\java.dll
0x00007ffa19a50000 - 0x00007ffa1a1a3000 	C:\WINDOWS\System32\SHELL32.dll
0x00007ffa17510000 - 0x00007ffa1767a000 	C:\WINDOWS\System32\wintypes.dll
0x00007ffa14f90000 - 0x00007ffa157ee000 	C:\WINDOWS\SYSTEM32\windows.storage.dll
0x00007ffa195a0000 - 0x00007ffa19695000 	C:\WINDOWS\System32\SHCORE.dll
0x00007ffa19960000 - 0x00007ffa199c6000 	C:\WINDOWS\System32\shlwapi.dll
0x00007ffa172b0000 - 0x00007ffa172d9000 	C:\WINDOWS\SYSTEM32\profapi.dll
0x00007ff9e40d0000 - 0x00007ff9e40e8000 	c:\Users\ngotu\.vscode\extensions\redhat.java-1.50.0-win32-x64\jre\21.0.9-win32-x86_64\bin\zip.dll
0x00007ff9faac0000 - 0x00007ff9faad0000 	C:\Users\ngotu\.vscode\extensions\redhat.java-1.50.0-win32-x64\jre\21.0.9-win32-x86_64\bin\net.dll
0x00007ffa11a00000 - 0x00007ffa11b28000 	C:\WINDOWS\SYSTEM32\WINHTTP.dll
0x00007ffa166b0000 - 0x00007ffa1671b000 	C:\WINDOWS\system32\mswsock.dll
0x00007ff9e1da0000 - 0x00007ff9e1db6000 	C:\Users\ngotu\.vscode\extensions\redhat.java-1.50.0-win32-x64\jre\21.0.9-win32-x86_64\bin\nio.dll
0x00007ff9ef290000 - 0x00007ff9ef2a0000 	c:\Users\ngotu\.vscode\extensions\redhat.java-1.50.0-win32-x64\jre\21.0.9-win32-x86_64\bin\verify.dll
0x00007ff9b5720000 - 0x00007ff9b5764000 	C:\Users\ngotu\AppData\Roaming\Code\User\globalStorage\redhat.java\1.50.0\config_win\org.eclipse.equinox.launcher\org.eclipse.equinox.launcher.win32.win32.x86_64_1.2.1400.v20250801-0854\eclipse_11916.dll
0x00007ffa190a0000 - 0x00007ffa19237000 	C:\WINDOWS\System32\ole32.dll
0x00007ff9f41b0000 - 0x00007ff9f41ba000 	C:\Users\ngotu\.vscode\extensions\redhat.java-1.50.0-win32-x64\jre\21.0.9-win32-x86_64\bin\management.dll
0x00007ff9f4140000 - 0x00007ff9f414c000 	C:\Users\ngotu\.vscode\extensions\redhat.java-1.50.0-win32-x64\jre\21.0.9-win32-x86_64\bin\management_ext.dll
0x00007ffa18160000 - 0x00007ffa18168000 	C:\WINDOWS\System32\PSAPI.DLL
0x00007ffa16970000 - 0x00007ffa1698b000 	C:\WINDOWS\SYSTEM32\CRYPTSP.dll
0x00007ffa160a0000 - 0x00007ffa160da000 	C:\WINDOWS\system32\rsaenh.dll
0x00007ffa16760000 - 0x00007ffa1678b000 	C:\WINDOWS\SYSTEM32\USERENV.dll
0x00007ffa17280000 - 0x00007ffa172aa000 	C:\WINDOWS\SYSTEM32\bcrypt.dll
0x00007ffa16990000 - 0x00007ffa1699c000 	C:\WINDOWS\SYSTEM32\CRYPTBASE.dll
0x00007ffa15be0000 - 0x00007ffa15c14000 	C:\WINDOWS\SYSTEM32\IPHLPAPI.DLL
0x00007ffa1a1e0000 - 0x00007ffa1a1ea000 	C:\WINDOWS\System32\NSI.dll
0x00007ff9d2df0000 - 0x00007ff9d2e39000 	C:\Users\ngotu\AppData\Local\Temp\jna-104766167\jna7902260550944540706.dll
0x00007ffa11c40000 - 0x00007ffa11c5e000 	C:\WINDOWS\SYSTEM32\dhcpcsvc6.DLL
0x00007ffa11b50000 - 0x00007ffa11b73000 	C:\WINDOWS\SYSTEM32\dhcpcsvc.DLL
0x00007ff9f0bd0000 - 0x00007ff9f0bde000 	C:\Users\ngotu\.vscode\extensions\redhat.java-1.50.0-win32-x64\jre\21.0.9-win32-x86_64\bin\sunmscapi.dll
0x00007ffa17390000 - 0x00007ffa17507000 	C:\WINDOWS\System32\CRYPT32.dll
0x00007ffa16b90000 - 0x00007ffa16bc0000 	C:\WINDOWS\SYSTEM32\ncrypt.dll
0x00007ffa16b40000 - 0x00007ffa16b7f000 	C:\WINDOWS\SYSTEM32\NTASN1.dll
0x00007ffa15c20000 - 0x00007ffa15d4c000 	C:\WINDOWS\SYSTEM32\DNSAPI.dll
0x00007ffa10690000 - 0x00007ffa1069b000 	C:\Windows\System32\rasadhlp.dll
0x00007ffa11e40000 - 0x00007ffa11ec6000 	C:\WINDOWS\System32\fwpuclnt.dll
0x00007ff9e8d90000 - 0x00007ff9e8d99000 	C:\Users\ngotu\.vscode\extensions\redhat.java-1.50.0-win32-x64\jre\21.0.9-win32-x86_64\bin\extnet.dll
0x00007ff9dae20000 - 0x00007ff9dae47000 	C:\Users\ngotu\.gradle\native\1def1411415f61bf3af743bc5b6707747c0891f09f0c88961ee8f79bc544acac\windows-amd64\native-platform.dll
0x00007ff9ed680000 - 0x00007ff9ed688000 	C:\WINDOWS\system32\wshunix.dll

JVMTI agents:
c:\Users\ngotu\.vscode\extensions\redhat.java-1.50.0-win32-x64\lombok\lombok-1.18.39-4050.jar path:c:\Users\ngotu\.vscode\extensions\redhat.java-1.50.0-win32-x64\jre\21.0.9-win32-x86_64\bin\instrument.dll, loaded, initialized, instrumentlib options:none

dbghelp: loaded successfully - version: 4.0.5 - missing functions: none
symbol engine: initialized successfully - sym options: 0x614 - pdb path: .;c:\Users\ngotu\.vscode\extensions\redhat.java-1.50.0-win32-x64\jre\21.0.9-win32-x86_64\bin;C:\WINDOWS\SYSTEM32;C:\WINDOWS\WinSxS\amd64_microsoft.windows.common-controls_6595b64144ccf1df_6.0.26100.7309_none_3e05feeae336a044;c:\Users\ngotu\.vscode\extensions\redhat.java-1.50.0-win32-x64\jre\21.0.9-win32-x86_64\bin\server;C:\Users\ngotu\AppData\Roaming\Code\User\globalStorage\redhat.java\1.50.0\config_win\org.eclipse.equinox.launcher\org.eclipse.equinox.launcher.win32.win32.x86_64_1.2.1400.v20250801-0854;C:\Users\ngotu\AppData\Local\Temp\jna-104766167;C:\Users\ngotu\.gradle\native\1def1411415f61bf3af743bc5b6707747c0891f09f0c88961ee8f79bc544acac\windows-amd64

VM Arguments:
jvm_args: --add-modules=ALL-SYSTEM --add-opens=java.base/java.util=ALL-UNNAMED --add-opens=java.base/java.lang=ALL-UNNAMED --add-opens=java.base/sun.nio.fs=ALL-UNNAMED -Declipse.application=org.eclipse.jdt.ls.core.id1 -Dosgi.bundles.defaultStartLevel=4 -Declipse.product=org.eclipse.jdt.ls.core.product -Djava.import.generatesMetadataFilesAtProjectRoot=false -DDetectVMInstallationsJob.disabled=true -Dfile.encoding=utf8 -XX:+UseParallelGC -XX:GCTimeRatio=4 -XX:AdaptiveSizePolicyWeight=90 -Dsun.zip.disableMemoryMapping=true -Xmx2G -Xms100m -Xlog:disable -javaagent:c:\Users\ngotu\.vscode\extensions\redhat.java-1.50.0-win32-x64\lombok\lombok-1.18.39-4050.jar -XX:+HeapDumpOnOutOfMemoryError -XX:HeapDumpPath=c:\Users\ngotu\AppData\Roaming\Code\User\workspaceStorage\0c19fdcfefba0cf93597eb44c491bc78\redhat.java -Daether.dependencyCollector.impl=bf 
java_command: c:\Users\ngotu\.vscode\extensions\redhat.java-1.50.0-win32-x64\server\plugins\org.eclipse.equinox.launcher_1.7.100.v20251111-0406.jar -configuration c:\Users\ngotu\AppData\Roaming\Code\User\globalStorage\redhat.java\1.50.0\config_win -data c:\Users\ngotu\AppData\Roaming\Code\User\workspaceStorage\0c19fdcfefba0cf93597eb44c491bc78\redhat.java\jdt_ws --pipe=\\.\pipe\lsp-ae7cc3c37f51493232e75f32693e3c1f-sock
java_class_path (initial): c:\Users\ngotu\.vscode\extensions\redhat.java-1.50.0-win32-x64\server\plugins\org.eclipse.equinox.launcher_1.7.100.v20251111-0406.jar
Launcher Type: SUN_STANDARD

[Global flags]
    uintx AdaptiveSizePolicyWeight                 = 90                                        {product} {command line}
     intx CICompilerCount                          = 12                                        {product} {ergonomic}
    uintx GCTimeRatio                              = 4                                         {product} {command line}
     bool HeapDumpOnOutOfMemoryError               = true                                   {manageable} {command line}
    ccstr HeapDumpPath                             = c:\Users\ngotu\AppData\Roaming\Code\User\workspaceStorage\0c19fdcfefba0cf93597eb44c491bc78\redhat.java         {manageable} {command line}
   size_t InitialHeapSize                          = 104857600                                 {product} {command line}
   size_t MaxHeapSize                              = 2147483648                                {product} {command line}
   size_t MaxNewSize                               = 715653120                                 {product} {ergonomic}
   size_t MinHeapDeltaBytes                        = 524288                                    {product} {ergonomic}
   size_t MinHeapSize                              = 104857600                                 {product} {command line}
   size_t NewSize                                  = 34603008                                  {product} {ergonomic}
    uintx NonNMethodCodeHeapSize                   = 7602480                                {pd product} {ergonomic}
    uintx NonProfiledCodeHeapSize                  = 122027880                              {pd product} {ergonomic}
   size_t OldSize                                  = 70254592                                  {product} {ergonomic}
    uintx ProfiledCodeHeapSize                     = 122027880                              {pd product} {ergonomic}
    uintx ReservedCodeCacheSize                    = 251658240                              {pd product} {ergonomic}
     bool SegmentedCodeCache                       = true                                      {product} {ergonomic}
   size_t SoftMaxHeapSize                          = 2147483648                             {manageable} {ergonomic}
     bool UseCompressedOops                        = true                           {product lp64_product} {ergonomic}
     bool UseLargePagesIndividualAllocation        = false                                  {pd product} {ergonomic}
     bool UseParallelGC                            = true                                      {product} {command line}

Logging:
Log output configuration:
 #0: stdout all=off uptime,level,tags foldmultilines=false
 #1: stderr all=off uptime,level,tags foldmultilines=false

Release file:
JAVA_VERSION="21.0.9" 
MODULES="java.base java.compiler java.datatransfer java.xml java.prefs java.desktop java.instrument java.logging java.management java.security.sasl java.naming java.rmi java.management.rmi java.net.http java.scripting java.security.jgss java.transaction.xa java.sql java.sql.rowset java.xml.crypto java.se java.smartcardio jdk.accessibility jdk.internal.jvmstat jdk.attach jdk.charsets jdk.internal.opt jdk.zipfs jdk.compiler jdk.crypto.ec jdk.crypto.cryptoki jdk.crypto.mscapi jdk.dynalink jdk.internal.ed jdk.editpad jdk.hotspot.agent jdk.httpserver jdk.internal.le jdk.internal.vm.ci jdk.internal.vm.compiler jdk.internal.vm.compiler.management jdk.jartool jdk.javadoc jdk.jcmd jdk.management jdk.management.agent jdk.jconsole jdk.jdeps jdk.jdwp.agent jdk.jdi jdk.jfr jdk.jshell jdk.jsobject jdk.jstatd jdk.localedata jdk.management.jfr jdk.naming.dns jdk.naming.rmi jdk.net jdk.nio.mapmode jdk.random jdk.sctp jdk.security.auth jdk.security.jgss jdk.unsupported jdk.unsupported.desktop jdk.xml.dom" 

Environment Variables:
JAVA_HOME=C:\Program Files\Java\jdk-21
PATH=C:\Program Files (x86)\VMware\VMware Workstation\bin\;C:\Program Files\Common Files\Oracle\Java\javapath;C:\WINDOWS\system32;C:\WINDOWS;C:\WINDOWS\System32\Wbem;C:\WINDOWS\System32\WindowsPowerShell\v1.0\;C:\WINDOWS\System32\OpenSSH\;C:\Program Files\NVIDIA Corporation\NVIDIA App\NvDLISR;C:\Program Files (x86)\NVIDIA Corporation\PhysX\Common;C:\Program Files\Git\cmd;C:\Program Files\Docker\Docker\resources\bin;C:\apache-maven-3.9.11\bin;C:\Program Files\Java\jdk-21\bin;C:\Program Files\Cloudflare\Cloudflare WARP\;C:\Users\ngotu\AppData\Local\Programs\Python\Python313\Scripts\;C:\Users\ngotu\AppData\Local\Programs\Python\Python313\;C:\Users\ngotu\AppData\Local\Microsoft\WindowsApps;C:\Users\ngotu\AppData\Local\Programs\Microsoft VS Code\bin;C:\Program Files\JetBrains\IntelliJ IDEA 2025.2.3\bin
USERNAME=ngotu
OS=Windows_NT
PROCESSOR_IDENTIFIER=AMD64 Family 25 Model 68 Stepping 1, AuthenticAMD
TMP=C:\Users\ngotu\AppData\Local\Temp
TEMP=C:\Users\ngotu\AppData\Local\Temp




Periodic native trim disabled

---------------  S Y S T E M  ---------------

OS:
 Windows 11 , 64 bit Build 26100 (10.0.26100.7309)
OS uptime: 5 days 12:20 hours
Hyper-V role detected

CPU: total 16 (initial active 16) (16 cores per cpu, 2 threads per core) family 25 model 68 stepping 1 microcode 0xa404102, cx8, cmov, fxsr, ht, mmx, 3dnowpref, sse, sse2, sse3, ssse3, sse4a, sse4.1, sse4.2, popcnt, lzcnt, tsc, tscinvbit, avx, avx2, aes, erms, clmul, bmi1, bmi2, adx, sha, fma, vzeroupper, clflush, clflushopt, hv, rdtscp, rdpid, fsrm, f16c, cet_ss
Processor Information for processor 0
  Max Mhz: 3201, Current Mhz: 1978, Mhz Limit: 3201
Processor Information for processor 1
  Max Mhz: 3201, Current Mhz: 2502, Mhz Limit: 3201
Processor Information for processor 2
  Max Mhz: 3201, Current Mhz: 1978, Mhz Limit: 3201
Processor Information for processor 3
  Max Mhz: 3201, Current Mhz: 2502, Mhz Limit: 3201
Processor Information for processor 4
  Max Mhz: 3201, Current Mhz: 1978, Mhz Limit: 3201
Processor Information for processor 5
  Max Mhz: 3201, Current Mhz: 1978, Mhz Limit: 3201
Processor Information for processor 6
  Max Mhz: 3201, Current Mhz: 2502, Mhz Limit: 3201
Processor Information for processor 7
  Max Mhz: 3201, Current Mhz: 1978, Mhz Limit: 3201
Processor Information for processor 8
  Max Mhz: 3201, Current Mhz: 1978, Mhz Limit: 3201
Processor Information for processor 9
  Max Mhz: 3201, Current Mhz: 2502, Mhz Limit: 3201
Processor Information for processor 10
  Max Mhz: 3201, Current Mhz: 2502, Mhz Limit: 3201
Processor Information for processor 11
  Max Mhz: 3201, Current Mhz: 1978, Mhz Limit: 3201
Processor Information for processor 12
  Max Mhz: 3201, Current Mhz: 1978, Mhz Limit: 3201
Processor Information for processor 13
  Max Mhz: 3201, Current Mhz: 1978, Mhz Limit: 3201
Processor Information for processor 14
  Max Mhz: 3201, Current Mhz: 1978, Mhz Limit: 3201
Processor Information for processor 15
  Max Mhz: 3201, Current Mhz: 1978, Mhz Limit: 3201

Memory: 4k page, system-wide physical 15557M (967M free)
TotalPageFile size 44140M (AvailPageFile size 179M)
current process WorkingSet (physical memory assigned to process): 418M, peak: 731M
current process commit charge ("private bytes"): 926M, peak: 930M

vm_info: OpenJDK 64-Bit Server VM (21.0.9+10-LTS) for windows-amd64 JRE (21.0.9+10-LTS), built on 2025-10-21T00:00:00Z by "admin" with unknown MS VC++:1942

END.
